[debug] > Exec(;reload; set _root_.org.jetbrains.sbt.StructureKeys.sbtStructureOptions in Global := "download resolveClassifiers resolveSbtClassifiers" ;*/*:dumpStructureTo C:/Users/lpyryanov/AppData/Local/Temp/sbt-structure.xml; session clear-all ; set ideaPort in Global := 62227, None, None)
[debug] > Exec(reload, None, None)
[debug] > Exec(sbtStashOnFailure, None, None)
[debug] > Exec(onFailure loadFailed, None, None)
[debug] > Exec(loadp, None, None)
[info] welcome to sbt 1.7.3 (BellSoft Java 17.0.4)
[debug]       Load.loadUnit: plugins took 32.2393ms
[debug]       Load.loadUnit: defsScala took 0.0071ms
[debug] [Loading] Scanning directory C:\Users\lpyryanov\.sbt\1.0\plugins
[debug] [Loading] Found non-root projects 
[debug] [Loading] Done in C:\Users\lpyryanov\.sbt\1.0\plugins, returning: ()
[debug] deducing auto plugins based on known facts Set(Atom(sbt.plugins.CorePlugin)) and clauses Clauses(Clause(Atom(sbt.plugins.JvmPlugin),Set(Atom(sbt.plugins.IvyPlugin)))
[debug] Clause(Atom(sbt.ScriptedPlugin),Set(Atom(sbt.plugins.JvmPlugin)))
[debug] Clause(Atom(sbt.plugins.SbtPlugin),Set(Atom(sbt.ScriptedPlugin)))
[debug] Clause(Atom(sbt.plugins.SemanticdbPlugin),Set(Atom(sbt.plugins.JvmPlugin)))
[debug] Clause(Atom(sbt.plugins.JUnitXmlReportPlugin),Set(Atom(sbt.plugins.JvmPlugin)))
[debug] Clause(Atom(sbt.plugins.MiniDependencyTreePlugin),Set(Atom(sbt.plugins.JvmPlugin)))
[debug] Clause(Atom(sbt.plugins.CorePlugin),Set(Atom(sbt.plugins.IvyPlugin)))
[debug] Clause(Atom(sbt.plugins.IvyPlugin),Set(Atom(sbt.plugins.JvmPlugin)))
[debug] Clause(Atom(sbt.plugins.JvmPlugin),Set(Atom(sbt.plugins.SemanticdbPlugin)))
[debug] Clause(Atom(sbt.plugins.JvmPlugin),Set(Atom(sbt.plugins.JUnitXmlReportPlugin)))
[debug] Clause(Atom(sbt.plugins.CorePlugin),Set(Atom(sbt.plugins.Giter8TemplatePlugin)))
[debug] Clause(Atom(sbt.plugins.JvmPlugin),Set(Atom(sbt.plugins.MiniDependencyTreePlugin))))
[debug]   :: deduced result: Matched(sbt.plugins.CorePlugin,sbt.plugins.Giter8TemplatePlugin,sbt.plugins.IvyPlugin,sbt.plugins.JvmPlugin,sbt.plugins.MiniDependencyTreePlugin,sbt.plugins.JUnitXmlReportPlugin,sbt.plugins.SemanticdbPlugin)
[debug] Plugins.deducer#function took 1.5463 ms
[debug]           Load.resolveProject(global-plugins) took 1.1748ms
[debug]         Load.loadTransitive: finalizeProject(Project(id global-plugins, base: C:\Users\lpyryanov\.sbt\1.0\plugins, plugins: List(<none>))) took 3.1805ms
[debug] [Loading] Done in C:\Users\lpyryanov\.sbt\1.0\plugins, returning: (global-plugins)
[debug]       Load.loadUnit: loadedProjectsRaw took 4.4249ms
[debug]       Load.loadUnit: cleanEvalClasses took 0.0105ms
[debug]     Load.loadUnit(file:/C:/Users/lpyryanov/.sbt/1.0/plugins/, ...) took 38.191ms
[debug]   Load.apply: load took 39.9825ms
[debug]   Load.apply: resolveProjects took 0.1748ms
[debug]   Load.apply: finalTransforms took 6.5272ms
[debug]   Load.apply: config.delegates took 0.3415ms
[debug]   Load.apply: Def.make(settings)... took 83.0936ms
[debug]   Load.apply: structureIndex took 34.8864ms
[debug]   Load.apply: mkStreams took 0.0042ms
[info] loading global plugins from C:\Users\lpyryanov\.sbt\1.0\plugins
[debug] Running task... Cancel: Signal, check cycles: false, forcegc: true
[debug] Load.defaultLoad until apply took 507.5355ms
[debug]           Load.loadUnit: plugins took 39.2814ms
[debug]           Load.loadUnit: defsScala took 0.0045ms
[debug] [Loading] Scanning directory C:\Users\lpyryanov\IdeaProjects\lesson2_scala\project
[debug]             Load.loadUnit: mkEval took 0.7668ms
[debug] [Loading] Found non-root projects 
[debug] [Loading] Done in C:\Users\lpyryanov\IdeaProjects\lesson2_scala\project, returning: ()
[debug] deducing auto plugins based on known facts Set(Atom(sbt.plugins.CorePlugin)) and clauses Clauses(Clause(Atom(sbt.plugins.JvmPlugin),Set(Atom(sbt.plugins.IvyPlugin)))
[debug] Clause(Atom(sbt.ScriptedPlugin),Set(Atom(sbt.plugins.JvmPlugin)))
[debug] Clause(Atom(sbt.plugins.SbtPlugin),Set(Atom(sbt.ScriptedPlugin)))
[debug] Clause(Atom(sbt.plugins.SemanticdbPlugin),Set(Atom(sbt.plugins.JvmPlugin)))
[debug] Clause(Atom(sbt.plugins.JUnitXmlReportPlugin),Set(Atom(sbt.plugins.JvmPlugin)))
[debug] Clause(Atom(sbt.plugins.MiniDependencyTreePlugin),Set(Atom(sbt.plugins.JvmPlugin)))
[debug] Clause(Atom(sbt.plugins.CorePlugin),Set(Atom(sbt.plugins.IvyPlugin)))
[debug] Clause(Atom(sbt.plugins.IvyPlugin),Set(Atom(sbt.plugins.JvmPlugin)))
[debug] Clause(Atom(sbt.plugins.JvmPlugin),Set(Atom(sbt.plugins.SemanticdbPlugin)))
[debug] Clause(Atom(sbt.plugins.JvmPlugin),Set(Atom(sbt.plugins.JUnitXmlReportPlugin)))
[debug] Clause(Atom(sbt.plugins.CorePlugin),Set(Atom(sbt.plugins.Giter8TemplatePlugin)))
[debug] Clause(Atom(sbt.plugins.JvmPlugin),Set(Atom(sbt.plugins.MiniDependencyTreePlugin))))
[debug]   :: deduced result: Matched(sbt.plugins.CorePlugin,sbt.plugins.Giter8TemplatePlugin,sbt.plugins.IvyPlugin,sbt.plugins.JvmPlugin,sbt.plugins.MiniDependencyTreePlugin,sbt.plugins.JUnitXmlReportPlugin,sbt.plugins.SemanticdbPlugin)
[debug] Plugins.deducer#function took 1.5499 ms
[info] loading settings for project lesson2_scala-build from plugins.sbt,idea.sbt ...
[debug]               Load.resolveProject(lesson2_scala-build) took 1.4874ms
[debug]             Load.loadTransitive: finalizeProject(Project(id lesson2_scala-build, base: C:\Users\lpyryanov\IdeaProjects\lesson2_scala\project, plugins: List(<none>))) took 3.5548ms
[debug] [Loading] Done in C:\Users\lpyryanov\IdeaProjects\lesson2_scala\project, returning: (lesson2_scala-build)
[debug]           Load.loadUnit: loadedProjectsRaw took 58.1822ms
[debug]           Load.loadUnit: cleanEvalClasses took 9.4746ms
[debug]         Load.loadUnit(file:/C:/Users/lpyryanov/IdeaProjects/lesson2_scala/project/, ...) took 108.3369ms
[debug]       Load.apply: load took 110.6674ms
[debug]       Load.apply: resolveProjects took 0.1459ms
[debug]       Load.apply: finalTransforms took 7.7336ms
[debug]       Load.apply: config.delegates took 0.6647ms
[debug]       Load.apply: Def.make(settings)... took 160.6581ms
[debug]       Load.apply: structureIndex took 22.7232ms
[debug]       Load.apply: mkStreams took 0.0028ms
[info] loading project definition from C:\Users\lpyryanov\IdeaProjects\lesson2_scala\project
[debug] Running task... Cancel: Signal, check cycles: false, forcegc: true
[debug]     Load.loadUnit: plugins took 654.0851ms
[debug]     Load.loadUnit: defsScala took 0.0046ms
[debug] [Loading] Scanning directory C:\Users\lpyryanov\IdeaProjects\lesson2_scala
[debug]       Load.loadUnit: mkEval took 0.5245ms
[debug] [Loading] Found non-root projects 
[debug] [Loading] Done in C:\Users\lpyryanov\IdeaProjects\lesson2_scala, returning: ()
[debug] deducing auto plugins based on known facts Set(Atom(sbt.plugins.CorePlugin)) and clauses Clauses(Clause(Atom(sbt.plugins.JvmPlugin),Set(Atom(sbt.plugins.IvyPlugin)))
[debug] Clause(Atom(sbt.ScriptedPlugin),Set(Atom(sbt.plugins.JvmPlugin)))
[debug] Clause(Atom(sbt.plugins.SbtPlugin),Set(Atom(sbt.ScriptedPlugin)))
[debug] Clause(Atom(sbt.plugins.SemanticdbPlugin),Set(Atom(sbt.plugins.JvmPlugin)))
[debug] Clause(Atom(sbt.plugins.JUnitXmlReportPlugin),Set(Atom(sbt.plugins.JvmPlugin)))
[debug] Clause(Atom(sbt.plugins.MiniDependencyTreePlugin),Set(Atom(sbt.plugins.JvmPlugin)))
[debug] Clause(Atom(sbtassembly.AssemblyPlugin),Set(Atom(sbt.plugins.JvmPlugin)))
[debug] Clause(Atom(org.jetbrains.sbt.StructurePlugin),Set(Atom(sbt.plugins.JvmPlugin)))
[debug] Clause(Atom(org.jetbrains.sbt.IdeaShellPlugin),Set(Atom(sbt.plugins.JvmPlugin)))
[debug] Clause(Atom(org.jetbrains.sbt.indices.SbtIntellijIndicesPlugin),Set(Atom(sbt.plugins.JvmPlugin)))
[debug] Clause(Atom(sbt.plugins.CorePlugin),Set(Atom(sbt.plugins.IvyPlugin)))
[debug] Clause(Atom(sbt.plugins.IvyPlugin),Set(Atom(sbt.plugins.JvmPlugin)))
[debug] Clause(Atom(sbt.plugins.JvmPlugin),Set(Atom(sbt.plugins.SemanticdbPlugin)))
[debug] Clause(Atom(sbt.plugins.JvmPlugin),Set(Atom(sbt.plugins.JUnitXmlReportPlugin)))
[debug] Clause(Atom(sbt.plugins.CorePlugin),Set(Atom(sbt.plugins.Giter8TemplatePlugin)))
[debug] Clause(Atom(sbt.plugins.JvmPlugin),Set(Atom(sbt.plugins.MiniDependencyTreePlugin)))
[debug] Clause(Atom(sbt.plugins.JvmPlugin),Set(Atom(sbtassembly.AssemblyPlugin)))
[debug] Clause(Atom(sbt.plugins.JvmPlugin),Set(Atom(org.jetbrains.sbt.StructurePlugin)))
[debug] Clause(Atom(sbt.plugins.JvmPlugin),Set(Atom(org.jetbrains.sbt.IdeaShellPlugin)))
[debug] Clause(And(Set(Atom(sbt.plugins.CorePlugin), Atom(sbt.plugins.JvmPlugin))),Set(Atom(org.jetbrains.sbt.indices.SbtIntellijIndicesPlugin))))
[debug]   :: deduced result: Matched(sbt.plugins.CorePlugin,sbt.plugins.Giter8TemplatePlugin,sbt.plugins.IvyPlugin,sbt.plugins.JvmPlugin,sbt.plugins.SemanticdbPlugin,org.jetbrains.sbt.indices.SbtIntellijIndicesPlugin,sbt.plugins.JUnitXmlReportPlugin,sbtassembly.AssemblyPlugin,org.jetbrains.sbt.IdeaShellPlugin,org.jetbrains.sbt.StructurePlugin,sbt.plugins.MiniDependencyTreePlugin)
[debug] Plugins.deducer#function took 1.6915 ms
[info] loading settings for project lesson2_scala from build.sbt ...
[debug]         Load.resolveProject(lesson2_scala) took 50.4933ms
[debug]       Load.loadTransitive: finalizeProject(Project(id lesson2_scala, base: C:\Users\lpyryanov\IdeaProjects\lesson2_scala, plugins: List(<none>))) took 52.7505ms
[debug] [Loading] Done in C:\Users\lpyryanov\IdeaProjects\lesson2_scala, returning: (lesson2_scala)
[debug]     Load.loadUnit: loadedProjectsRaw took 110.9941ms
[debug]     Load.loadUnit: cleanEvalClasses took 13.4244ms
[debug]   Load.loadUnit(file:/C:/Users/lpyryanov/IdeaProjects/lesson2_scala/, ...) took 779.7663ms
[debug] Load.apply: load took 781.6948ms
[debug] Load.apply: resolveProjects took 0.1079ms
[debug] Load.apply: finalTransforms took 15.319ms
[debug] Load.apply: config.delegates took 0.3742ms
[debug] Load.apply: Def.make(settings)... took 101.3057ms
[debug] Load.apply: structureIndex took 15.0932ms
[debug] Load.apply: mkStreams took 0.0028ms
[warn] Discarding 1 session setting.  Use 'session save' to persist session settings.
[info] set current project to lesson2_scala (in build file:/C:/Users/lpyryanov/IdeaProjects/lesson2_scala/)
[debug] > Exec(sbtPopOnFailure, None, None)
[debug] > Exec(resumeFromFailure, None, None)
[debug] > Exec(set _root_.org.jetbrains.sbt.StructureKeys.sbtStructureOptions in Global := "download resolveClassifiers resolveSbtClassifiers", None, None)
[info] Defining Global / sbtStructureOptions
[info] The new value will be used by Global / ssOptions
[debug] Defining 
[debug] 	Global / sbtStructureOptions
[debug] 
[debug] The new value will be used by 
[debug] 	Global / ssOptions
[info] Reapplying settings...
[info] set current project to lesson2_scala (in build file:/C:/Users/lpyryanov/IdeaProjects/lesson2_scala/)
[debug] > Exec(*/*:dumpStructureTo C:/Users/lpyryanov/AppData/Local/Temp/sbt-structure.xml, None, None)
[debug] Evaluating tasks: Global / dumpStructureTo
[warn] sbt 0.13 shell syntax is deprecated; use slash syntax instead: Global / dumpStructureTo
[debug] Running task... Cancel: Signal, check cycles: false, forcegc: true
[warn] Unrecognized repository Scala Plugin Bundled Repository, ignoring it
[warn] Unrecognized repository Scala Plugin Bundled Repository, ignoring it
[warn] Unrecognized repository Scala Plugin Bundled Repository, ignoring it
[info] Writing structure to C:\Users\lpyryanov\AppData\Local\Temp\sbt-structure.xml...
[info] Done.
[success] Total time: 9 s, completed 4 нояб. 2022 г., 22:43:12
[debug] > Exec(session clear-all, None, None)
[info] Reapplying settings...
[info] set current project to lesson2_scala (in build file:/C:/Users/lpyryanov/IdeaProjects/lesson2_scala/)
[debug] > Exec(set ideaPort in Global := 62227, None, None)
[info] Defining Global / ideaPort
[info] The new value will be used by Compile / compile, Test / compile
[debug] Defining 
[debug] 	Global / ideaPort
[debug] 
[debug] The new value will be used by 
[debug] 	Compile / compile
[debug] 	Test / compile
[info] Reapplying settings...
[info] set current project to lesson2_scala (in build file:/C:/Users/lpyryanov/IdeaProjects/lesson2_scala/)
[debug] > Exec(idea-shell, None, None)
[debug] > Exec(, None, None)
[debug] > Exec(idea-shell, None, None)
